{"name": "test_deposit_first_account", "status": "broken", "statusDetails": {"message": "selenium.common.exceptions.ElementNotInteractableException: Message: element not interactable\n  (Session info: chrome=129.0.6668.100)\nStacktrace:\n\tGetHandleVerifier [0x00007FF6BB5AB095+29557]\n\t(No symbol) [0x00007FF6BB51FA50]\n\t(No symbol) [0x00007FF6BB3DB399]\n\t(No symbol) [0x00007FF6BB430B0F]\n\t(No symbol) [0x00007FF6BB42354E]\n\t(No symbol) [0x00007FF6BB45718A]\n\t(No symbol) [0x00007FF6BB422E86]\n\t(No symbol) [0x00007FF6BB4573A0]\n\t(No symbol) [0x00007FF6BB47851C]\n\t(No symbol) [0x00007FF6BB456F33]\n\t(No symbol) [0x00007FF6BB42116F]\n\t(No symbol) [0x00007FF6BB4222D1]\n\tGetHandleVerifier [0x00007FF6BB8DC96D+3378253]\n\tGetHandleVerifier [0x00007FF6BB928497+3688311]\n\tGetHandleVerifier [0x00007FF6BB91D1CB+3642539]\n\tGetHandleVerifier [0x00007FF6BB66A6B6+813462]\n\t(No symbol) [0x00007FF6BB52AB5F]\n\t(No symbol) [0x00007FF6BB526B74]\n\t(No symbol) [0x00007FF6BB526D10]\n\t(No symbol) [0x00007FF6BB515C1F]\n\tBaseThreadInitThunk [0x00007FF8666C7374+20]\n\tRtlUserThreadStart [0x00007FF867AFCC91+33]", "trace": "self = <Tests.test_banking.TestBanking object at 0x000002067A87FDA0>, setup = <selenium.webdriver.chrome.webdriver.WebDriver (session=\"f95bbdcc903cb6f9faf5c5c1d29587c2\")>\n\n    @pytest.mark.tamara\n    @allure.severity(allure.severity_level.CRITICAL)\n    def test_deposit_first_account(self, setup):\n        \"\"\"Test 1: Deposit into the first account and validate.\"\"\"\n        try:\n            self.driver = setup\n            self.driver.get(self.way2AutomationURL)\n            self.driver.maximize_window()\n    \n            self.login = LoginPage(self.driver)\n            self.login.login_as_customer()\n            allure.attach(self.driver.get_screenshot_as_png(), name=\"Login Page 1\", attachment_type=AttachmentType.PNG)\n    \n            self.customer = CustomerPage(self.driver)\n            self.customer.select_random_customer()\n            allure.attach(self.driver.get_screenshot_as_png(), name=\"Customer Page 1\",\n                          attachment_type=AttachmentType.PNG)\n    \n            account = AccountPage(self.driver)\n            #selected_acc = account.select_account(\"1001\")\n>           self.customer.get_first_account_number()\n\nTests\\test_banking.py:35: \n_ _ _ _ _ _ _ _ _ _ _ _ _ _ _ _ _ _ _ _ _ _ _ _ _ _ _ _ _ _ _ _ _ _ _ _ _ _ _ _ _ _ _ _ _ _ _ _ _ _ _ _ _ _ _ _ _ _ _ _ _ _ _ _ _ _ _ _ _ _ _ _ _ _ _ _ _ _ _ _ _ _ _ _ _ _ _ _ _ _\nPages\\customer_page.py:23: in get_first_account_number\n    select_element = self.driver.find_element(self.account_select)\n.venv\\Lib\\site-packages\\selenium\\webdriver\\remote\\webdriver.py:748: in find_element\n    return self.execute(Command.FIND_ELEMENT, {\"using\": by, \"value\": value})[\"value\"]\n.venv\\Lib\\site-packages\\selenium\\webdriver\\remote\\webdriver.py:354: in execute\n    self.error_handler.check_response(response)\n_ _ _ _ _ _ _ _ _ _ _ _ _ _ _ _ _ _ _ _ _ _ _ _ _ _ _ _ _ _ _ _ _ _ _ _ _ _ _ _ _ _ _ _ _ _ _ _ _ _ _ _ _ _ _ _ _ _ _ _ _ _ _ _ _ _ _ _ _ _ _ _ _ _ _ _ _ _ _ _ _ _ _ _ _ _ _ _ _ _\n\nself = <selenium.webdriver.remote.errorhandler.ErrorHandler object at 0x0000020679CA3C20>\nresponse = {'status': 400, 'value': '{\"value\":{\"error\":\"invalid argument\",\"message\":\"invalid argument: invalid locator\\\\n  (Sessi...07FF6BB515C1F]\\\\n\\\\tBaseThreadInitThunk [0x00007FF8666C7374+20]\\\\n\\\\tRtlUserThreadStart [0x00007FF867AFCC91+33]\\\\n\"}}'}\n\n    def check_response(self, response: Dict[str, Any]) -> None:\n        \"\"\"Checks that a JSON response from the WebDriver does not have an\n        error.\n    \n        :Args:\n         - response - The JSON response from the WebDriver server as a dictionary\n           object.\n    \n        :Raises: If the response contains an error message.\n        \"\"\"\n        status = response.get(\"status\", None)\n        if not status or status == ErrorCode.SUCCESS:\n            return\n        value = None\n        message = response.get(\"message\", \"\")\n        screen: str = response.get(\"screen\", \"\")\n        stacktrace = None\n        if isinstance(status, int):\n            value_json = response.get(\"value\", None)\n            if value_json and isinstance(value_json, str):\n                import json\n    \n                try:\n                    value = json.loads(value_json)\n                    if len(value) == 1:\n                        value = value[\"value\"]\n                    status = value.get(\"error\", None)\n                    if not status:\n                        status = value.get(\"status\", ErrorCode.UNKNOWN_ERROR)\n                        message = value.get(\"value\") or value.get(\"message\")\n                        if not isinstance(message, str):\n                            value = message\n                            message = message.get(\"message\")\n                    else:\n                        message = value.get(\"message\", None)\n                except ValueError:\n                    pass\n    \n        exception_class: Type[WebDriverException]\n        e = ErrorCode()\n        error_codes = [item for item in dir(e) if not item.startswith(\"__\")]\n        for error_code in error_codes:\n            error_info = getattr(ErrorCode, error_code)\n            if isinstance(error_info, list) and status in error_info:\n                exception_class = getattr(ExceptionMapping, error_code, WebDriverException)\n                break\n        else:\n            exception_class = WebDriverException\n    \n        if not value:\n            value = response[\"value\"]\n        if isinstance(value, str):\n            raise exception_class(value)\n        if message == \"\" and \"message\" in value:\n            message = value[\"message\"]\n    \n        screen = None  # type: ignore[assignment]\n        if \"screen\" in value:\n            screen = value[\"screen\"]\n    \n        stacktrace = None\n        st_value = value.get(\"stackTrace\") or value.get(\"stacktrace\")\n        if st_value:\n            if isinstance(st_value, str):\n                stacktrace = st_value.split(\"\\n\")\n            else:\n                stacktrace = []\n                try:\n                    for frame in st_value:\n                        line = frame.get(\"lineNumber\", \"\")\n                        file = frame.get(\"fileName\", \"<anonymous>\")\n                        if line:\n                            file = f\"{file}:{line}\"\n                        meth = frame.get(\"methodName\", \"<anonymous>\")\n                        if \"className\" in frame:\n                            meth = f\"{frame['className']}.{meth}\"\n                        msg = \"    at %s (%s)\"\n                        msg = msg % (meth, file)\n                        stacktrace.append(msg)\n                except TypeError:\n                    pass\n        if exception_class == UnexpectedAlertPresentException:\n            alert_text = None\n            if \"data\" in value:\n                alert_text = value[\"data\"].get(\"text\")\n            elif \"alert\" in value:\n                alert_text = value[\"alert\"].get(\"text\")\n            raise exception_class(message, screen, stacktrace, alert_text)  # type: ignore[call-arg]  # mypy is not smart enough here\n>       raise exception_class(message, screen, stacktrace)\nE       selenium.common.exceptions.InvalidArgumentException: Message: invalid argument: invalid locator\nE         (Session info: chrome=129.0.6668.100)\nE       Stacktrace:\nE       \tGetHandleVerifier [0x00007FF6BB5AB095+29557]\nE       \t(No symbol) [0x00007FF6BB51FA50]\nE       \t(No symbol) [0x00007FF6BB3DB56A]\nE       \t(No symbol) [0x00007FF6BB42EE02]\nE       \t(No symbol) [0x00007FF6BB42F8EC]\nE       \t(No symbol) [0x00007FF6BB47B777]\nE       \t(No symbol) [0x00007FF6BB4571CF]\nE       \t(No symbol) [0x00007FF6BB47851C]\nE       \t(No symbol) [0x00007FF6BB456F33]\nE       \t(No symbol) [0x00007FF6BB42116F]\nE       \t(No symbol) [0x00007FF6BB4222D1]\nE       \tGetHandleVerifier [0x00007FF6BB8DC96D+3378253]\nE       \tGetHandleVerifier [0x00007FF6BB928497+3688311]\nE       \tGetHandleVerifier [0x00007FF6BB91D1CB+3642539]\nE       \tGetHandleVerifier [0x00007FF6BB66A6B6+813462]\nE       \t(No symbol) [0x00007FF6BB52AB5F]\nE       \t(No symbol) [0x00007FF6BB526B74]\nE       \t(No symbol) [0x00007FF6BB526D10]\nE       \t(No symbol) [0x00007FF6BB515C1F]\nE       \tBaseThreadInitThunk [0x00007FF8666C7374+20]\nE       \tRtlUserThreadStart [0x00007FF867AFCC91+33]\n\n.venv\\Lib\\site-packages\\selenium\\webdriver\\remote\\errorhandler.py:229: InvalidArgumentException\n\nDuring handling of the above exception, another exception occurred:\n\nself = <Tests.test_banking.TestBanking object at 0x000002067A87FDA0>, setup = <selenium.webdriver.chrome.webdriver.WebDriver (session=\"f95bbdcc903cb6f9faf5c5c1d29587c2\")>\n\n    @pytest.mark.tamara\n    @allure.severity(allure.severity_level.CRITICAL)\n    def test_deposit_first_account(self, setup):\n        \"\"\"Test 1: Deposit into the first account and validate.\"\"\"\n        try:\n            self.driver = setup\n            self.driver.get(self.way2AutomationURL)\n            self.driver.maximize_window()\n    \n            self.login = LoginPage(self.driver)\n            self.login.login_as_customer()\n            allure.attach(self.driver.get_screenshot_as_png(), name=\"Login Page 1\", attachment_type=AttachmentType.PNG)\n    \n            self.customer = CustomerPage(self.driver)\n            self.customer.select_random_customer()\n            allure.attach(self.driver.get_screenshot_as_png(), name=\"Customer Page 1\",\n                          attachment_type=AttachmentType.PNG)\n    \n            account = AccountPage(self.driver)\n            #selected_acc = account.select_account(\"1001\")\n            self.customer.get_first_account_number()\n            account.deposit_amount(1500)\n            allure.attach(self.driver.get_screenshot_as_png(), name=\"Post-Deposit Screenshot\",\n                          attachment_type=AttachmentType.PNG)\n    \n            # Validate balance if get_balance() returns the correct balance\n            # assert account.get_balance() == 1500, \"Deposit failed\"\n            # assert account.get_balance() == 1500, \"Deposit failed\"\n    \n        except TimeoutException as e:\n            print(f\"TimeoutException: {e}\")\n            allure.attach(self.driver.get_screenshot_as_png(), name=\"TimeoutException\",\n                          attachment_type=AttachmentType.PNG)\n        except TypeError as e:\n            print(f\"TypeError: {e}\")\n        finally:\n            # Ensure logout and quit are called at the end, after all actions\n            account = AccountPage(self.driver)\n>           account.logout()\n\nTests\\test_banking.py:53: \n_ _ _ _ _ _ _ _ _ _ _ _ _ _ _ _ _ _ _ _ _ _ _ _ _ _ _ _ _ _ _ _ _ _ _ _ _ _ _ _ _ _ _ _ _ _ _ _ _ _ _ _ _ _ _ _ _ _ _ _ _ _ _ _ _ _ _ _ _ _ _ _ _ _ _ _ _ _ _ _ _ _ _ _ _ _ _ _ _ _\nPages\\account_page.py:63: in logout\n    self.driver.find_element(By.CSS_SELECTOR, \"button[ng-click='byebye()']\").click()\n.venv\\Lib\\site-packages\\selenium\\webdriver\\remote\\webelement.py:94: in click\n    self._execute(Command.CLICK_ELEMENT)\n.venv\\Lib\\site-packages\\selenium\\webdriver\\remote\\webelement.py:395: in _execute\n    return self._parent.execute(command, params)\n.venv\\Lib\\site-packages\\selenium\\webdriver\\remote\\webdriver.py:354: in execute\n    self.error_handler.check_response(response)\n_ _ _ _ _ _ _ _ _ _ _ _ _ _ _ _ _ _ _ _ _ _ _ _ _ _ _ _ _ _ _ _ _ _ _ _ _ _ _ _ _ _ _ _ _ _ _ _ _ _ _ _ _ _ _ _ _ _ _ _ _ _ _ _ _ _ _ _ _ _ _ _ _ _ _ _ _ _ _ _ _ _ _ _ _ _ _ _ _ _\n\nself = <selenium.webdriver.remote.errorhandler.ErrorHandler object at 0x0000020679CA3C20>\nresponse = {'status': 400, 'value': '{\"value\":{\"error\":\"element not interactable\",\"message\":\"element not interactable\\\\n  (Sessio...07FF6BB515C1F]\\\\n\\\\tBaseThreadInitThunk [0x00007FF8666C7374+20]\\\\n\\\\tRtlUserThreadStart [0x00007FF867AFCC91+33]\\\\n\"}}'}\n\n    def check_response(self, response: Dict[str, Any]) -> None:\n        \"\"\"Checks that a JSON response from the WebDriver does not have an\n        error.\n    \n        :Args:\n         - response - The JSON response from the WebDriver server as a dictionary\n           object.\n    \n        :Raises: If the response contains an error message.\n        \"\"\"\n        status = response.get(\"status\", None)\n        if not status or status == ErrorCode.SUCCESS:\n            return\n        value = None\n        message = response.get(\"message\", \"\")\n        screen: str = response.get(\"screen\", \"\")\n        stacktrace = None\n        if isinstance(status, int):\n            value_json = response.get(\"value\", None)\n            if value_json and isinstance(value_json, str):\n                import json\n    \n                try:\n                    value = json.loads(value_json)\n                    if len(value) == 1:\n                        value = value[\"value\"]\n                    status = value.get(\"error\", None)\n                    if not status:\n                        status = value.get(\"status\", ErrorCode.UNKNOWN_ERROR)\n                        message = value.get(\"value\") or value.get(\"message\")\n                        if not isinstance(message, str):\n                            value = message\n                            message = message.get(\"message\")\n                    else:\n                        message = value.get(\"message\", None)\n                except ValueError:\n                    pass\n    \n        exception_class: Type[WebDriverException]\n        e = ErrorCode()\n        error_codes = [item for item in dir(e) if not item.startswith(\"__\")]\n        for error_code in error_codes:\n            error_info = getattr(ErrorCode, error_code)\n            if isinstance(error_info, list) and status in error_info:\n                exception_class = getattr(ExceptionMapping, error_code, WebDriverException)\n                break\n        else:\n            exception_class = WebDriverException\n    \n        if not value:\n            value = response[\"value\"]\n        if isinstance(value, str):\n            raise exception_class(value)\n        if message == \"\" and \"message\" in value:\n            message = value[\"message\"]\n    \n        screen = None  # type: ignore[assignment]\n        if \"screen\" in value:\n            screen = value[\"screen\"]\n    \n        stacktrace = None\n        st_value = value.get(\"stackTrace\") or value.get(\"stacktrace\")\n        if st_value:\n            if isinstance(st_value, str):\n                stacktrace = st_value.split(\"\\n\")\n            else:\n                stacktrace = []\n                try:\n                    for frame in st_value:\n                        line = frame.get(\"lineNumber\", \"\")\n                        file = frame.get(\"fileName\", \"<anonymous>\")\n                        if line:\n                            file = f\"{file}:{line}\"\n                        meth = frame.get(\"methodName\", \"<anonymous>\")\n                        if \"className\" in frame:\n                            meth = f\"{frame['className']}.{meth}\"\n                        msg = \"    at %s (%s)\"\n                        msg = msg % (meth, file)\n                        stacktrace.append(msg)\n                except TypeError:\n                    pass\n        if exception_class == UnexpectedAlertPresentException:\n            alert_text = None\n            if \"data\" in value:\n                alert_text = value[\"data\"].get(\"text\")\n            elif \"alert\" in value:\n                alert_text = value[\"alert\"].get(\"text\")\n            raise exception_class(message, screen, stacktrace, alert_text)  # type: ignore[call-arg]  # mypy is not smart enough here\n>       raise exception_class(message, screen, stacktrace)\nE       selenium.common.exceptions.ElementNotInteractableException: Message: element not interactable\nE         (Session info: chrome=129.0.6668.100)\nE       Stacktrace:\nE       \tGetHandleVerifier [0x00007FF6BB5AB095+29557]\nE       \t(No symbol) [0x00007FF6BB51FA50]\nE       \t(No symbol) [0x00007FF6BB3DB399]\nE       \t(No symbol) [0x00007FF6BB430B0F]\nE       \t(No symbol) [0x00007FF6BB42354E]\nE       \t(No symbol) [0x00007FF6BB45718A]\nE       \t(No symbol) [0x00007FF6BB422E86]\nE       \t(No symbol) [0x00007FF6BB4573A0]\nE       \t(No symbol) [0x00007FF6BB47851C]\nE       \t(No symbol) [0x00007FF6BB456F33]\nE       \t(No symbol) [0x00007FF6BB42116F]\nE       \t(No symbol) [0x00007FF6BB4222D1]\nE       \tGetHandleVerifier [0x00007FF6BB8DC96D+3378253]\nE       \tGetHandleVerifier [0x00007FF6BB928497+3688311]\nE       \tGetHandleVerifier [0x00007FF6BB91D1CB+3642539]\nE       \tGetHandleVerifier [0x00007FF6BB66A6B6+813462]\nE       \t(No symbol) [0x00007FF6BB52AB5F]\nE       \t(No symbol) [0x00007FF6BB526B74]\nE       \t(No symbol) [0x00007FF6BB526D10]\nE       \t(No symbol) [0x00007FF6BB515C1F]\nE       \tBaseThreadInitThunk [0x00007FF8666C7374+20]\nE       \tRtlUserThreadStart [0x00007FF867AFCC91+33]\n\n.venv\\Lib\\site-packages\\selenium\\webdriver\\remote\\errorhandler.py:229: ElementNotInteractableException"}, "description": "Test 1: Deposit into the first account and validate.", "attachments": [{"name": "Login Page 1", "source": "d987a900-8f08-4f15-95e9-770965af43a0-attachment.png", "type": "image/png"}, {"name": "Customer Page 1", "source": "323e62fc-f67c-4ab9-afee-4db90cb8a2aa-attachment.png", "type": "image/png"}], "start": 1730153550476, "stop": 1730153555038, "uuid": "e548877f-13f4-4b3c-b4ab-2124c9277668", "historyId": "3e06a2223112a86a7a8ab3e0f6d6e0b7", "testCaseId": "3e06a2223112a86a7a8ab3e0f6d6e0b7", "fullName": "Tests.test_banking.TestBanking#test_deposit_first_account", "labels": [{"name": "severity", "value": "critical"}, {"name": "tag", "value": "tamara"}, {"name": "parentSuite", "value": "Tests"}, {"name": "suite", "value": "test_banking"}, {"name": "subSuite", "value": "TestBanking"}, {"name": "host", "value": "DESKTOP-400OCEN"}, {"name": "thread", "value": "7668-MainThread"}, {"name": "framework", "value": "pytest"}, {"name": "language", "value": "cpython3"}, {"name": "package", "value": "Tests.test_banking"}]}