{"name": "test_001", "status": "broken", "statusDetails": {"message": "selenium.common.exceptions.NoSuchElementException: Message: no such element: Unable to locate element: {\"method\":\"css selector\",\"selector\":\"[id=\"accountSelect\"]\"}\n  (Session info: chrome=129.0.6668.100); For documentation on this error, please visit: https://www.selenium.dev/documentation/webdriver/troubleshooting/errors#no-such-element-exception\nStacktrace:\n\tGetHandleVerifier [0x00007FF6CC0AB095+29557]\n\t(No symbol) [0x00007FF6CC01FA50]\n\t(No symbol) [0x00007FF6CBEDB56A]\n\t(No symbol) [0x00007FF6CBF2F695]\n\t(No symbol) [0x00007FF6CBF2F8EC]\n\t(No symbol) [0x00007FF6CBF7B777]\n\t(No symbol) [0x00007FF6CBF571CF]\n\t(No symbol) [0x00007FF6CBF7851C]\n\t(No symbol) [0x00007FF6CBF56F33]\n\t(No symbol) [0x00007FF6CBF2116F]\n\t(No symbol) [0x00007FF6CBF222D1]\n\tGetHandleVerifier [0x00007FF6CC3DC96D+3378253]\n\tGetHandleVerifier [0x00007FF6CC428497+3688311]\n\tGetHandleVerifier [0x00007FF6CC41D1CB+3642539]\n\tGetHandleVerifier [0x00007FF6CC16A6B6+813462]\n\t(No symbol) [0x00007FF6CC02AB5F]\n\t(No symbol) [0x00007FF6CC026B74]\n\t(No symbol) [0x00007FF6CC026D10]\n\t(No symbol) [0x00007FF6CC015C1F]\n\tBaseThreadInitThunk [0x00007FF8666C7374+20]\n\tRtlUserThreadStart [0x00007FF867AFCC91+33]", "trace": "self = <Tests.test_banking.TestBanking object at 0x0000017AAEEEF440>, setup = <selenium.webdriver.chrome.webdriver.WebDriver (session=\"e9f53217e7b646dd8de87015a9657f02\")>\n\n    @pytest.mark.tamara\n    @allure.severity(allure.severity_level.CRITICAL)\n    def test_001(self, setup):\n        self.driver = setup\n        self.driver.get(self.way2AutomationURL)\n        self.driver.maximize_window()\n    \n        self.login = LoginPage(self.driver)\n        self.login.login_as_customer()\n    \n        self.customer = CustomerPage(self.driver)\n        self.customer.select_random_customer()\n        allure.attach(self.driver.get_screenshot_as_png(), name=\"Login Page\", attachment_type=AttachmentType.PNG)\n    \n        account = AccountPage(self.driver)\n>       account.select_account(\"1001\")\n\nTests\\test_banking.py:29: \n_ _ _ _ _ _ _ _ _ _ _ _ _ _ _ _ _ _ _ _ _ _ _ _ _ _ _ _ _ _ _ _ _ _ _ _ _ _ _ _ _ _ _ _ _ _ _ _ _ _ _ _ _ _ _ _ _ _ _ _ _ _ _ _ _ _ _ _ _ _ _ _ _ _ _ _ _ _ _ _ _ _ _ _ _ _ _ _ _ _\nPages\\account_page.py:8: in select_account\n    self.driver.find_element(By.ID, \"accountSelect\").send_keys(account_number)\n.venv\\Lib\\site-packages\\selenium\\webdriver\\remote\\webdriver.py:748: in find_element\n    return self.execute(Command.FIND_ELEMENT, {\"using\": by, \"value\": value})[\"value\"]\n.venv\\Lib\\site-packages\\selenium\\webdriver\\remote\\webdriver.py:354: in execute\n    self.error_handler.check_response(response)\n_ _ _ _ _ _ _ _ _ _ _ _ _ _ _ _ _ _ _ _ _ _ _ _ _ _ _ _ _ _ _ _ _ _ _ _ _ _ _ _ _ _ _ _ _ _ _ _ _ _ _ _ _ _ _ _ _ _ _ _ _ _ _ _ _ _ _ _ _ _ _ _ _ _ _ _ _ _ _ _ _ _ _ _ _ _ _ _ _ _\n\nself = <selenium.webdriver.remote.errorhandler.ErrorHandler object at 0x0000017AB15C2720>\nresponse = {'status': 404, 'value': '{\"value\":{\"error\":\"no such element\",\"message\":\"no such element: Unable to locate element: {\\...07FF6CC015C1F]\\\\n\\\\tBaseThreadInitThunk [0x00007FF8666C7374+20]\\\\n\\\\tRtlUserThreadStart [0x00007FF867AFCC91+33]\\\\n\"}}'}\n\n    def check_response(self, response: Dict[str, Any]) -> None:\n        \"\"\"Checks that a JSON response from the WebDriver does not have an\n        error.\n    \n        :Args:\n         - response - The JSON response from the WebDriver server as a dictionary\n           object.\n    \n        :Raises: If the response contains an error message.\n        \"\"\"\n        status = response.get(\"status\", None)\n        if not status or status == ErrorCode.SUCCESS:\n            return\n        value = None\n        message = response.get(\"message\", \"\")\n        screen: str = response.get(\"screen\", \"\")\n        stacktrace = None\n        if isinstance(status, int):\n            value_json = response.get(\"value\", None)\n            if value_json and isinstance(value_json, str):\n                import json\n    \n                try:\n                    value = json.loads(value_json)\n                    if len(value) == 1:\n                        value = value[\"value\"]\n                    status = value.get(\"error\", None)\n                    if not status:\n                        status = value.get(\"status\", ErrorCode.UNKNOWN_ERROR)\n                        message = value.get(\"value\") or value.get(\"message\")\n                        if not isinstance(message, str):\n                            value = message\n                            message = message.get(\"message\")\n                    else:\n                        message = value.get(\"message\", None)\n                except ValueError:\n                    pass\n    \n        exception_class: Type[WebDriverException]\n        e = ErrorCode()\n        error_codes = [item for item in dir(e) if not item.startswith(\"__\")]\n        for error_code in error_codes:\n            error_info = getattr(ErrorCode, error_code)\n            if isinstance(error_info, list) and status in error_info:\n                exception_class = getattr(ExceptionMapping, error_code, WebDriverException)\n                break\n        else:\n            exception_class = WebDriverException\n    \n        if not value:\n            value = response[\"value\"]\n        if isinstance(value, str):\n            raise exception_class(value)\n        if message == \"\" and \"message\" in value:\n            message = value[\"message\"]\n    \n        screen = None  # type: ignore[assignment]\n        if \"screen\" in value:\n            screen = value[\"screen\"]\n    \n        stacktrace = None\n        st_value = value.get(\"stackTrace\") or value.get(\"stacktrace\")\n        if st_value:\n            if isinstance(st_value, str):\n                stacktrace = st_value.split(\"\\n\")\n            else:\n                stacktrace = []\n                try:\n                    for frame in st_value:\n                        line = frame.get(\"lineNumber\", \"\")\n                        file = frame.get(\"fileName\", \"<anonymous>\")\n                        if line:\n                            file = f\"{file}:{line}\"\n                        meth = frame.get(\"methodName\", \"<anonymous>\")\n                        if \"className\" in frame:\n                            meth = f\"{frame['className']}.{meth}\"\n                        msg = \"    at %s (%s)\"\n                        msg = msg % (meth, file)\n                        stacktrace.append(msg)\n                except TypeError:\n                    pass\n        if exception_class == UnexpectedAlertPresentException:\n            alert_text = None\n            if \"data\" in value:\n                alert_text = value[\"data\"].get(\"text\")\n            elif \"alert\" in value:\n                alert_text = value[\"alert\"].get(\"text\")\n            raise exception_class(message, screen, stacktrace, alert_text)  # type: ignore[call-arg]  # mypy is not smart enough here\n>       raise exception_class(message, screen, stacktrace)\nE       selenium.common.exceptions.NoSuchElementException: Message: no such element: Unable to locate element: {\"method\":\"css selector\",\"selector\":\"[id=\"accountSelect\"]\"}\nE         (Session info: chrome=129.0.6668.100); For documentation on this error, please visit: https://www.selenium.dev/documentation/webdriver/troubleshooting/errors#no-such-element-exception\nE       Stacktrace:\nE       \tGetHandleVerifier [0x00007FF6CC0AB095+29557]\nE       \t(No symbol) [0x00007FF6CC01FA50]\nE       \t(No symbol) [0x00007FF6CBEDB56A]\nE       \t(No symbol) [0x00007FF6CBF2F695]\nE       \t(No symbol) [0x00007FF6CBF2F8EC]\nE       \t(No symbol) [0x00007FF6CBF7B777]\nE       \t(No symbol) [0x00007FF6CBF571CF]\nE       \t(No symbol) [0x00007FF6CBF7851C]\nE       \t(No symbol) [0x00007FF6CBF56F33]\nE       \t(No symbol) [0x00007FF6CBF2116F]\nE       \t(No symbol) [0x00007FF6CBF222D1]\nE       \tGetHandleVerifier [0x00007FF6CC3DC96D+3378253]\nE       \tGetHandleVerifier [0x00007FF6CC428497+3688311]\nE       \tGetHandleVerifier [0x00007FF6CC41D1CB+3642539]\nE       \tGetHandleVerifier [0x00007FF6CC16A6B6+813462]\nE       \t(No symbol) [0x00007FF6CC02AB5F]\nE       \t(No symbol) [0x00007FF6CC026B74]\nE       \t(No symbol) [0x00007FF6CC026D10]\nE       \t(No symbol) [0x00007FF6CC015C1F]\nE       \tBaseThreadInitThunk [0x00007FF8666C7374+20]\nE       \tRtlUserThreadStart [0x00007FF867AFCC91+33]\n\n.venv\\Lib\\site-packages\\selenium\\webdriver\\remote\\errorhandler.py:229: NoSuchElementException"}, "attachments": [{"name": "Login Page", "source": "e567b73e-41ff-4952-9c7c-60034ecb2a60-attachment.png", "type": "image/png"}], "start": 1730041044529, "stop": 1730041049095, "uuid": "9205b791-df16-422c-8a5d-3f7d1d672a3d", "historyId": "372381bfdd2fbd032fa1bcea83f8f25a", "testCaseId": "372381bfdd2fbd032fa1bcea83f8f25a", "fullName": "Tests.test_banking.TestBanking#test_001", "labels": [{"name": "severity", "value": "critical"}, {"name": "tag", "value": "tamara"}, {"name": "parentSuite", "value": "Tests"}, {"name": "suite", "value": "test_banking"}, {"name": "subSuite", "value": "TestBanking"}, {"name": "host", "value": "DESKTOP-400OCEN"}, {"name": "thread", "value": "21500-MainThread"}, {"name": "framework", "value": "pytest"}, {"name": "language", "value": "cpython3"}, {"name": "package", "value": "Tests.test_banking"}]}