{"name": "test_login_deposit_all_accounts", "status": "broken", "statusDetails": {"message": "selenium.common.exceptions.ElementNotInteractableException: Message: element not interactable\n  (Session info: chrome=129.0.6668.100)\nStacktrace:\n\tGetHandleVerifier [0x00007FF6832AB095+29557]\n\t(No symbol) [0x00007FF68321FA50]\n\t(No symbol) [0x00007FF6830DB399]\n\t(No symbol) [0x00007FF683130B0F]\n\t(No symbol) [0x00007FF68312354E]\n\t(No symbol) [0x00007FF68315718A]\n\t(No symbol) [0x00007FF683122E86]\n\t(No symbol) [0x00007FF6831573A0]\n\t(No symbol) [0x00007FF68317851C]\n\t(No symbol) [0x00007FF683156F33]\n\t(No symbol) [0x00007FF68312116F]\n\t(No symbol) [0x00007FF6831222D1]\n\tGetHandleVerifier [0x00007FF6835DC96D+3378253]\n\tGetHandleVerifier [0x00007FF683628497+3688311]\n\tGetHandleVerifier [0x00007FF68361D1CB+3642539]\n\tGetHandleVerifier [0x00007FF68336A6B6+813462]\n\t(No symbol) [0x00007FF68322AB5F]\n\t(No symbol) [0x00007FF683226B74]\n\t(No symbol) [0x00007FF683226D10]\n\t(No symbol) [0x00007FF683215C1F]\n\tBaseThreadInitThunk [0x00007FF8666C7374+20]\n\tRtlUserThreadStart [0x00007FF867AFCC91+33]", "trace": "self = <Tests.test_banking.TestBanking object at 0x000001B0E06E7440>, setup = <selenium.webdriver.chrome.webdriver.WebDriver (session=\"ee18163f0e3810fabc979122b4dc3324\")>\n\n    @pytest.mark.nakani\n    @allure.severity(allure.severity_level.CRITICAL)\n    def test_login_deposit_all_accounts(self, setup):\n        self.driver = setup\n        self.login = LoginPage(self.driver)\n        self.customer = CustomerPage(self.driver)\n        self.account = AccountPage(self.driver)\n    \n        \"\"\"Test 2: Deposit into all accounts and validate.\"\"\"\n        try:\n            self.driver.get(self.way2AutomationURL)\n            self.driver.maximize_window()\n    \n            # Login as Customer\n            self.login = LoginPage(self.driver)\n            self.login.login_as_customer()\n            allure.attach(self.driver.get_screenshot_as_png(), name=\"Login Page Test 2\",\n                          attachment_type=AttachmentType.PNG)\n    \n            # ToDO : Sort out random_customer Method\n    \n>           self.customer.select_random_customer()\n\nTests\\test_banking.py:78: \n_ _ _ _ _ _ _ _ _ _ _ _ _ _ _ _ _ _ _ _ _ _ _ _ _ _ _ _ _ _ _ _ _ _ _ _ _ _ _ _ _ _ _ _ _ _ _ _ _ _ _ _ _ _ _ _ _ _ _ _ _ _ _ _ _ _ _ _ _ _ _ _ _ _ _ _ _ _ _ _ _ _ _ _ _ _ _ _ _ _\n\nself = <Pages.customer_page.CustomerPage object at 0x000001B0E2E78D70>\n\n    def select_random_customer(self):\n        wait = WebDriverWait(self.driver, 20)\n        dropdown_id_Element = wait.until(EC.visibility_of_element_located((By.ID, self.user_select_id)))\n    \n        # Locate the dropdown\n>       select_element = self.driver.find_element(By.ID, self.user_select_id)(\n            Select(dropdown_id_Element))\nE       TypeError: 'WebElement' object is not callable\n\nPages\\customer_page.py:26: TypeError\n\nDuring handling of the above exception, another exception occurred:\n\nself = <Tests.test_banking.TestBanking object at 0x000001B0E06E7440>, setup = <selenium.webdriver.chrome.webdriver.WebDriver (session=\"ee18163f0e3810fabc979122b4dc3324\")>\n\n    @pytest.mark.nakani\n    @allure.severity(allure.severity_level.CRITICAL)\n    def test_login_deposit_all_accounts(self, setup):\n        self.driver = setup\n        self.login = LoginPage(self.driver)\n        self.customer = CustomerPage(self.driver)\n        self.account = AccountPage(self.driver)\n    \n        \"\"\"Test 2: Deposit into all accounts and validate.\"\"\"\n        try:\n            self.driver.get(self.way2AutomationURL)\n            self.driver.maximize_window()\n    \n            # Login as Customer\n            self.login = LoginPage(self.driver)\n            self.login.login_as_customer()\n            allure.attach(self.driver.get_screenshot_as_png(), name=\"Login Page Test 2\",\n                          attachment_type=AttachmentType.PNG)\n    \n            # ToDO : Sort out random_customer Method\n    \n            self.customer.select_random_customer()\n            allure.attach(self.driver.get_screenshot_as_png(), name=\"Cust Page Test 2\",\n                          attachment_type=AttachmentType.PNG)\n    \n            account_numbers = self.account.get_all_account_numbers()  # get all account Numbers\n    \n            # Iterate through each account to deposit and validate\n            for account_number in account_numbers:\n                self.account.select_account_by_number(account_number)\n                print(f\"customer: {account_number}\")\n                self.account.deposit_amount(1500)\n    \n                # Validate deposit was successful\n                assert self.account.get_balance() == '1500', f\"Deposit failed for account {account_number}\"\n    \n                # Attach screenshot for each deposit\n                allure.attach(self.driver.get_screenshot_as_png(),\n                              name=f\"Deposit Successful for Account {account_number}\",\n                              attachment_type=AttachmentType.PNG)\n            self.account.logout()\n            allure.attach(self.driver.get_screenshot_as_png(), name=\"Customer Page Test 2\",\n                          attachment_type=AttachmentType.PNG)\n        except TimeoutException as e:\n            print(f\"TimeoutException: {e}\")\n            allure.attach(self.driver.get_screenshot_as_png(), name=\"TimeoutException\",\n                          attachment_type=AttachmentType.PNG)\n        finally:\n            # Ensure logout and quit at the end\n>           self.account.logout()\n\nTests\\test_banking.py:106: \n_ _ _ _ _ _ _ _ _ _ _ _ _ _ _ _ _ _ _ _ _ _ _ _ _ _ _ _ _ _ _ _ _ _ _ _ _ _ _ _ _ _ _ _ _ _ _ _ _ _ _ _ _ _ _ _ _ _ _ _ _ _ _ _ _ _ _ _ _ _ _ _ _ _ _ _ _ _ _ _ _ _ _ _ _ _ _ _ _ _\nPages\\account_page.py:69: in logout\n    self.driver.find_element(By.CSS_SELECTOR, \"button[ng-click='byebye()']\").click()\n.venv\\Lib\\site-packages\\selenium\\webdriver\\remote\\webelement.py:94: in click\n    self._execute(Command.CLICK_ELEMENT)\n.venv\\Lib\\site-packages\\selenium\\webdriver\\remote\\webelement.py:395: in _execute\n    return self._parent.execute(command, params)\n.venv\\Lib\\site-packages\\selenium\\webdriver\\remote\\webdriver.py:354: in execute\n    self.error_handler.check_response(response)\n_ _ _ _ _ _ _ _ _ _ _ _ _ _ _ _ _ _ _ _ _ _ _ _ _ _ _ _ _ _ _ _ _ _ _ _ _ _ _ _ _ _ _ _ _ _ _ _ _ _ _ _ _ _ _ _ _ _ _ _ _ _ _ _ _ _ _ _ _ _ _ _ _ _ _ _ _ _ _ _ _ _ _ _ _ _ _ _ _ _\n\nself = <selenium.webdriver.remote.errorhandler.ErrorHandler object at 0x000001B0E2E78DD0>\nresponse = {'status': 400, 'value': '{\"value\":{\"error\":\"element not interactable\",\"message\":\"element not interactable\\\\n  (Sessio...07FF683215C1F]\\\\n\\\\tBaseThreadInitThunk [0x00007FF8666C7374+20]\\\\n\\\\tRtlUserThreadStart [0x00007FF867AFCC91+33]\\\\n\"}}'}\n\n    def check_response(self, response: Dict[str, Any]) -> None:\n        \"\"\"Checks that a JSON response from the WebDriver does not have an\n        error.\n    \n        :Args:\n         - response - The JSON response from the WebDriver server as a dictionary\n           object.\n    \n        :Raises: If the response contains an error message.\n        \"\"\"\n        status = response.get(\"status\", None)\n        if not status or status == ErrorCode.SUCCESS:\n            return\n        value = None\n        message = response.get(\"message\", \"\")\n        screen: str = response.get(\"screen\", \"\")\n        stacktrace = None\n        if isinstance(status, int):\n            value_json = response.get(\"value\", None)\n            if value_json and isinstance(value_json, str):\n                import json\n    \n                try:\n                    value = json.loads(value_json)\n                    if len(value) == 1:\n                        value = value[\"value\"]\n                    status = value.get(\"error\", None)\n                    if not status:\n                        status = value.get(\"status\", ErrorCode.UNKNOWN_ERROR)\n                        message = value.get(\"value\") or value.get(\"message\")\n                        if not isinstance(message, str):\n                            value = message\n                            message = message.get(\"message\")\n                    else:\n                        message = value.get(\"message\", None)\n                except ValueError:\n                    pass\n    \n        exception_class: Type[WebDriverException]\n        e = ErrorCode()\n        error_codes = [item for item in dir(e) if not item.startswith(\"__\")]\n        for error_code in error_codes:\n            error_info = getattr(ErrorCode, error_code)\n            if isinstance(error_info, list) and status in error_info:\n                exception_class = getattr(ExceptionMapping, error_code, WebDriverException)\n                break\n        else:\n            exception_class = WebDriverException\n    \n        if not value:\n            value = response[\"value\"]\n        if isinstance(value, str):\n            raise exception_class(value)\n        if message == \"\" and \"message\" in value:\n            message = value[\"message\"]\n    \n        screen = None  # type: ignore[assignment]\n        if \"screen\" in value:\n            screen = value[\"screen\"]\n    \n        stacktrace = None\n        st_value = value.get(\"stackTrace\") or value.get(\"stacktrace\")\n        if st_value:\n            if isinstance(st_value, str):\n                stacktrace = st_value.split(\"\\n\")\n            else:\n                stacktrace = []\n                try:\n                    for frame in st_value:\n                        line = frame.get(\"lineNumber\", \"\")\n                        file = frame.get(\"fileName\", \"<anonymous>\")\n                        if line:\n                            file = f\"{file}:{line}\"\n                        meth = frame.get(\"methodName\", \"<anonymous>\")\n                        if \"className\" in frame:\n                            meth = f\"{frame['className']}.{meth}\"\n                        msg = \"    at %s (%s)\"\n                        msg = msg % (meth, file)\n                        stacktrace.append(msg)\n                except TypeError:\n                    pass\n        if exception_class == UnexpectedAlertPresentException:\n            alert_text = None\n            if \"data\" in value:\n                alert_text = value[\"data\"].get(\"text\")\n            elif \"alert\" in value:\n                alert_text = value[\"alert\"].get(\"text\")\n            raise exception_class(message, screen, stacktrace, alert_text)  # type: ignore[call-arg]  # mypy is not smart enough here\n>       raise exception_class(message, screen, stacktrace)\nE       selenium.common.exceptions.ElementNotInteractableException: Message: element not interactable\nE         (Session info: chrome=129.0.6668.100)\nE       Stacktrace:\nE       \tGetHandleVerifier [0x00007FF6832AB095+29557]\nE       \t(No symbol) [0x00007FF68321FA50]\nE       \t(No symbol) [0x00007FF6830DB399]\nE       \t(No symbol) [0x00007FF683130B0F]\nE       \t(No symbol) [0x00007FF68312354E]\nE       \t(No symbol) [0x00007FF68315718A]\nE       \t(No symbol) [0x00007FF683122E86]\nE       \t(No symbol) [0x00007FF6831573A0]\nE       \t(No symbol) [0x00007FF68317851C]\nE       \t(No symbol) [0x00007FF683156F33]\nE       \t(No symbol) [0x00007FF68312116F]\nE       \t(No symbol) [0x00007FF6831222D1]\nE       \tGetHandleVerifier [0x00007FF6835DC96D+3378253]\nE       \tGetHandleVerifier [0x00007FF683628497+3688311]\nE       \tGetHandleVerifier [0x00007FF68361D1CB+3642539]\nE       \tGetHandleVerifier [0x00007FF68336A6B6+813462]\nE       \t(No symbol) [0x00007FF68322AB5F]\nE       \t(No symbol) [0x00007FF683226B74]\nE       \t(No symbol) [0x00007FF683226D10]\nE       \t(No symbol) [0x00007FF683215C1F]\nE       \tBaseThreadInitThunk [0x00007FF8666C7374+20]\nE       \tRtlUserThreadStart [0x00007FF867AFCC91+33]\n\n.venv\\Lib\\site-packages\\selenium\\webdriver\\remote\\errorhandler.py:229: ElementNotInteractableException"}, "attachments": [{"name": "Login Page Test 2", "source": "01af5932-81fd-4c7d-8d67-9368672fb082-attachment.png", "type": "image/png"}], "start": 1730324640103, "stop": 1730324644733, "uuid": "39d51d65-b32c-4eea-b16a-931c8dddfd91", "historyId": "05a8f08da0a592af38fdc75317e74f82", "testCaseId": "05a8f08da0a592af38fdc75317e74f82", "fullName": "Tests.test_banking.TestBanking#test_login_deposit_all_accounts", "labels": [{"name": "severity", "value": "critical"}, {"name": "tag", "value": "nakani"}, {"name": "parentSuite", "value": "Tests"}, {"name": "suite", "value": "test_banking"}, {"name": "subSuite", "value": "TestBanking"}, {"name": "host", "value": "DESKTOP-400OCEN"}, {"name": "thread", "value": "26312-MainThread"}, {"name": "framework", "value": "pytest"}, {"name": "language", "value": "cpython3"}, {"name": "package", "value": "Tests.test_banking"}]}