{"name": "test_001", "status": "broken", "statusDetails": {"message": "selenium.common.exceptions.TimeoutException: Message: \nStacktrace:\n\tGetHandleVerifier [0x00007FF6CC0AB095+29557]\n\t(No symbol) [0x00007FF6CC01FA50]\n\t(No symbol) [0x00007FF6CBEDB56A]\n\t(No symbol) [0x00007FF6CBF2F695]\n\t(No symbol) [0x00007FF6CBF2F8EC]\n\t(No symbol) [0x00007FF6CBF7B777]\n\t(No symbol) [0x00007FF6CBF571CF]\n\t(No symbol) [0x00007FF6CBF7851C]\n\t(No symbol) [0x00007FF6CBF56F33]\n\t(No symbol) [0x00007FF6CBF2116F]\n\t(No symbol) [0x00007FF6CBF222D1]\n\tGetHandleVerifier [0x00007FF6CC3DC96D+3378253]\n\tGetHandleVerifier [0x00007FF6CC428497+3688311]\n\tGetHandleVerifier [0x00007FF6CC41D1CB+3642539]\n\tGetHandleVerifier [0x00007FF6CC16A6B6+813462]\n\t(No symbol) [0x00007FF6CC02AB5F]\n\t(No symbol) [0x00007FF6CC026B74]\n\t(No symbol) [0x00007FF6CC026D10]\n\t(No symbol) [0x00007FF6CC015C1F]\n\tBaseThreadInitThunk [0x00007FF8666C7374+20]\n\tRtlUserThreadStart [0x00007FF867AFCC91+33]", "trace": "self = <Tests.test_banking.TestBanking object at 0x0000024CDCFC8890>, setup = <selenium.webdriver.chrome.webdriver.WebDriver (session=\"ee4be4195410754c903a81cef14ed33f\")>\n\n    @pytest.mark.tamara\n    @allure.severity(allure.severity_level.CRITICAL)\n    def test_001(self, setup):\n        self.driver = setup\n        self.driver.get(self.way2AutomationURL)\n        self.driver.maximize_window()\n    \n        self.login = LoginPage(self.driver)\n        self.login.login_as_customer()\n    \n        self.customer = CustomerPage(self.driver)\n>       self.customer.select_random_customer()\n\nTests\\test_banking.py:25: \n_ _ _ _ _ _ _ _ _ _ _ _ _ _ _ _ _ _ _ _ _ _ _ _ _ _ _ _ _ _ _ _ _ _ _ _ _ _ _ _ _ _ _ _ _ _ _ _ _ _ _ _ _ _ _ _ _ _ _ _ _ _ _ _ _ _ _ _ _ _ _ _ _ _ _ _ _ _ _ _ _ _ _ _ _ _ _ _ _ _\nPages\\customer_page.py:37: in select_random_customer\n    customer_login_btn_Element = wait.until(EC.visibility_of_element_located((By.ID, self.login_btn_xpath)))\n_ _ _ _ _ _ _ _ _ _ _ _ _ _ _ _ _ _ _ _ _ _ _ _ _ _ _ _ _ _ _ _ _ _ _ _ _ _ _ _ _ _ _ _ _ _ _ _ _ _ _ _ _ _ _ _ _ _ _ _ _ _ _ _ _ _ _ _ _ _ _ _ _ _ _ _ _ _ _ _ _ _ _ _ _ _ _ _ _ _\n\nself = <selenium.webdriver.support.wait.WebDriverWait (session=\"ee4be4195410754c903a81cef14ed33f\")>\nmethod = <function visibility_of_element_located.<locals>._predicate at 0x0000024CDDBFE340>, message = ''\n\n    def until(self, method: Callable[[D], Union[Literal[False], T]], message: str = \"\") -> T:\n        \"\"\"Calls the method provided with the driver as an argument until the \\\n        return value does not evaluate to ``False``.\n    \n        :param method: callable(WebDriver)\n        :param message: optional message for :exc:`TimeoutException`\n        :returns: the result of the last call to `method`\n        :raises: :exc:`selenium.common.exceptions.TimeoutException` if timeout occurs\n        \"\"\"\n        screen = None\n        stacktrace = None\n    \n        end_time = time.monotonic() + self._timeout\n        while True:\n            try:\n                value = method(self._driver)\n                if value:\n                    return value\n            except self._ignored_exceptions as exc:\n                screen = getattr(exc, \"screen\", None)\n                stacktrace = getattr(exc, \"stacktrace\", None)\n            time.sleep(self._poll)\n            if time.monotonic() > end_time:\n                break\n>       raise TimeoutException(message, screen, stacktrace)\nE       selenium.common.exceptions.TimeoutException: Message: \nE       Stacktrace:\nE       \tGetHandleVerifier [0x00007FF6CC0AB095+29557]\nE       \t(No symbol) [0x00007FF6CC01FA50]\nE       \t(No symbol) [0x00007FF6CBEDB56A]\nE       \t(No symbol) [0x00007FF6CBF2F695]\nE       \t(No symbol) [0x00007FF6CBF2F8EC]\nE       \t(No symbol) [0x00007FF6CBF7B777]\nE       \t(No symbol) [0x00007FF6CBF571CF]\nE       \t(No symbol) [0x00007FF6CBF7851C]\nE       \t(No symbol) [0x00007FF6CBF56F33]\nE       \t(No symbol) [0x00007FF6CBF2116F]\nE       \t(No symbol) [0x00007FF6CBF222D1]\nE       \tGetHandleVerifier [0x00007FF6CC3DC96D+3378253]\nE       \tGetHandleVerifier [0x00007FF6CC428497+3688311]\nE       \tGetHandleVerifier [0x00007FF6CC41D1CB+3642539]\nE       \tGetHandleVerifier [0x00007FF6CC16A6B6+813462]\nE       \t(No symbol) [0x00007FF6CC02AB5F]\nE       \t(No symbol) [0x00007FF6CC026B74]\nE       \t(No symbol) [0x00007FF6CC026D10]\nE       \t(No symbol) [0x00007FF6CC015C1F]\nE       \tBaseThreadInitThunk [0x00007FF8666C7374+20]\nE       \tRtlUserThreadStart [0x00007FF867AFCC91+33]\n\n.venv\\Lib\\site-packages\\selenium\\webdriver\\support\\wait.py:105: TimeoutException"}, "start": 1729961350801, "stop": 1729961365620, "uuid": "4eaa8002-8c08-49b4-9fbc-beaef7ab577d", "historyId": "372381bfdd2fbd032fa1bcea83f8f25a", "testCaseId": "372381bfdd2fbd032fa1bcea83f8f25a", "fullName": "Tests.test_banking.TestBanking#test_001", "labels": [{"name": "severity", "value": "critical"}, {"name": "tag", "value": "tamara"}, {"name": "parentSuite", "value": "Tests"}, {"name": "suite", "value": "test_banking"}, {"name": "subSuite", "value": "TestBanking"}, {"name": "host", "value": "DESKTOP-400OCEN"}, {"name": "thread", "value": "22348-MainThread"}, {"name": "framework", "value": "pytest"}, {"name": "language", "value": "cpython3"}, {"name": "package", "value": "Tests.test_banking"}]}