{"name": "test_001", "status": "broken", "statusDetails": {"message": "selenium.common.exceptions.UnexpectedTagNameException: Message: Select only works on <select> elements, not on button", "trace": "self = <Tests.test_banking.TestBanking object at 0x000001D053F4F200>, setup = <selenium.webdriver.chrome.webdriver.WebDriver (session=\"f866643bd0eb3a59cd17689f33723269\")>\n\n    @pytest.mark.tamara\n    @allure.severity(allure.severity_level.CRITICAL)\n    def test_001(self, setup):\n        self.driver = setup\n        self.driver.get(self.way2AutomationURL)\n        self.driver.maximize_window()\n    \n        self.login = LoginPage(self.driver)\n        self.login.login_as_customer()\n    \n        self.customer = CustomerPage(self.driver)\n>       self.customer.select_random_customer()\n\nTests\\test_banking.py:25: \n_ _ _ _ _ _ _ _ _ _ _ _ _ _ _ _ _ _ _ _ _ _ _ _ _ _ _ _ _ _ _ _ _ _ _ _ _ _ _ _ _ _ _ _ _ _ _ _ _ _ _ _ _ _ _ _ _ _ _ _ _ _ _ _ _ _ _ _ _ _ _ _ _ _ _ _ _ _ _ _ _ _ _ _ _ _ _ _ _ _\nPages\\customer_page.py:21: in select_random_customer\n    select_element = Select(customer_login_btn_Element)\n_ _ _ _ _ _ _ _ _ _ _ _ _ _ _ _ _ _ _ _ _ _ _ _ _ _ _ _ _ _ _ _ _ _ _ _ _ _ _ _ _ _ _ _ _ _ _ _ _ _ _ _ _ _ _ _ _ _ _ _ _ _ _ _ _ _ _ _ _ _ _ _ _ _ _ _ _ _ _ _ _ _ _ _ _ _ _ _ _ _\n\nself = <selenium.webdriver.support.select.Select object at 0x000001D053FB8470>\nwebelement = <selenium.webdriver.remote.webelement.WebElement (session=\"f866643bd0eb3a59cd17689f33723269\", element=\"f.D15CA90DD06A698EB4F3016C9B59A4AF.d.87F75EAF3024ACC1183A6E0794D259A1.e.3\")>\n\n    def __init__(self, webelement: WebElement) -> None:\n        \"\"\"Constructor. A check is made that the given element is, indeed, a\n        SELECT tag. If it is not, then an UnexpectedTagNameException is thrown.\n    \n        :Args:\n         - webelement - SELECT element to wrap\n    \n        Example:\n            from selenium.webdriver.support.ui import Select \\n\n            Select(driver.find_element(By.TAG_NAME, \"select\")).select_by_index(2)\n        \"\"\"\n        if webelement.tag_name.lower() != \"select\":\n>           raise UnexpectedTagNameException(f\"Select only works on <select> elements, not on {webelement.tag_name}\")\nE           selenium.common.exceptions.UnexpectedTagNameException: Message: Select only works on <select> elements, not on button\n\n.venv\\Lib\\site-packages\\selenium\\webdriver\\support\\select.py:39: UnexpectedTagNameException"}, "start": 1729960308424, "stop": 1729960311787, "uuid": "dc201ee1-bc40-4649-898e-69d9fd789f9b", "historyId": "372381bfdd2fbd032fa1bcea83f8f25a", "testCaseId": "372381bfdd2fbd032fa1bcea83f8f25a", "fullName": "Tests.test_banking.TestBanking#test_001", "labels": [{"name": "severity", "value": "critical"}, {"name": "tag", "value": "tamara"}, {"name": "parentSuite", "value": "Tests"}, {"name": "suite", "value": "test_banking"}, {"name": "subSuite", "value": "TestBanking"}, {"name": "host", "value": "DESKTOP-400OCEN"}, {"name": "thread", "value": "12108-MainThread"}, {"name": "framework", "value": "pytest"}, {"name": "language", "value": "cpython3"}, {"name": "package", "value": "Tests.test_banking"}]}